<?xml version="1.0" encoding="UTF-8"?>
<!-- Generated by org.testng.reporters.JUnitXMLReporter -->
<testsuite ignored="0" hostname="Camilo-ASUS" failures="0" tests="1" name="Test" time="1.395" errors="0" timestamp="2024-05-29T10:41:39 COT">
  <testcase classname="saucedemo.TestComponents.BaseTest" name="@BeforeMethod launchApplication" time="1.359">
    <failure type="java.lang.NullPointerException" message="Cannot invoke &amp;quot;org.openqa.selenium.WebDriver.findElement(org.openqa.selenium.By)&amp;quot; because &amp;quot;this.driver&amp;quot; is null">
      <![CDATA[java.lang.NullPointerException: Cannot invoke "org.openqa.selenium.WebDriver.findElement(org.openqa.selenium.By)" because "this.driver" is null
at saucedemo.pageObjects.LoginPage.<init>(LoginPage.java:19)
at saucedemo.TestComponents.BaseTest.launchApplication(BaseTest.java:29)
at java.base/java.util.ArrayList.forEach(ArrayList.java:1511)
... Removed 29 stack frames]]>
    </failure>
  </testcase> <!-- @BeforeMethod launchApplication -->
  <testcase classname="saucedemo.test.LoginTest" name="successfullLogin" time="0.0">
    <skipped/>
  </testcase> <!-- successfullLogin -->
</testsuite> <!-- Test -->
