<?xml version="1.0" encoding="UTF-8"?>
<testng-results ignored="0" total="7" passed="7" failed="0" skipped="0">
  <reporter-output>
  </reporter-output>
  <suite started-at="2024-05-30T20:42:01 COT" name="Default suite" finished-at="2024-05-30T20:42:14 COT" duration-ms="12835">
    <groups>
      <group name="cucumber">
        <method signature="AbstractTestNGCucumberTests.runScenario(io.cucumber.testng.PickleWrapper,io.cucumber.testng.FeatureWrapper)[pri:0, instance:cucumber.TestNGRunner@3a52dba3]" name="runScenario" class="io.cucumber.testng.AbstractTestNGCucumberTests"/>
      </group> <!-- cucumber -->
    </groups>
    <test started-at="2024-05-30T20:42:01 COT" name="Default test" finished-at="2024-05-30T20:42:14 COT" duration-ms="12835">
      <class name="cucumber.TestNGRunner">
        <test-method is-config="true" signature="setUpClass(org.testng.ITestContext)[pri:0, instance:cucumber.TestNGRunner@3a52dba3]" started-at="2024-05-30T20:42:01 COT" name="setUpClass" finished-at="2024-05-30T20:42:02 COT" duration-ms="387" status="PASS">
          <params>
            <param index="0">
              <value>
                <![CDATA[org.testng.TestRunner@42ea7565]]>
              </value>
            </param>
          </params>
          <reporter-output>
          </reporter-output>
        </test-method> <!-- setUpClass -->
        <test-method signature="runScenario(io.cucumber.testng.PickleWrapper,io.cucumber.testng.FeatureWrapper)[pri:0, instance:cucumber.TestNGRunner@3a52dba3]" started-at="2024-05-30T20:42:02 COT" name="runScenario" description="Runs Cucumber Scenarios" data-provider="scenarios" finished-at="2024-05-30T20:42:04 COT" duration-ms="2278" status="PASS">
          <params>
            <param index="0">
              <value>
                <![CDATA["Login succesfully"]]>
              </value>
            </param>
            <param index="1">
              <value>
                <![CDATA["Check the login page functionalty"]]>
              </value>
            </param>
          </params>
          <reporter-output>
          </reporter-output>
        </test-method> <!-- runScenario -->
        <test-method signature="runScenario(io.cucumber.testng.PickleWrapper,io.cucumber.testng.FeatureWrapper)[pri:0, instance:cucumber.TestNGRunner@3a52dba3]" started-at="2024-05-30T20:42:04 COT" name="runScenario" description="Runs Cucumber Scenarios" data-provider="scenarios" finished-at="2024-05-30T20:42:06 COT" duration-ms="1591" status="PASS">
          <params>
            <param index="0">
              <value>
                <![CDATA["Login unsuccesfully"]]>
              </value>
            </param>
            <param index="1">
              <value>
                <![CDATA["Check the login page functionalty"]]>
              </value>
            </param>
          </params>
          <reporter-output>
          </reporter-output>
        </test-method> <!-- runScenario -->
        <test-method signature="runScenario(io.cucumber.testng.PickleWrapper,io.cucumber.testng.FeatureWrapper)[pri:0, instance:cucumber.TestNGRunner@3a52dba3]" started-at="2024-05-30T20:42:06 COT" name="runScenario" description="Runs Cucumber Scenarios" data-provider="scenarios" finished-at="2024-05-30T20:42:07 COT" duration-ms="1648" status="PASS">
          <params>
            <param index="0">
              <value>
                <![CDATA["Order the products by name ascending"]]>
              </value>
            </param>
            <param index="1">
              <value>
                <![CDATA["Test the functionalities in Product Page"]]>
              </value>
            </param>
          </params>
          <reporter-output>
          </reporter-output>
        </test-method> <!-- runScenario -->
        <test-method signature="runScenario(io.cucumber.testng.PickleWrapper,io.cucumber.testng.FeatureWrapper)[pri:0, instance:cucumber.TestNGRunner@3a52dba3]" started-at="2024-05-30T20:42:07 COT" name="runScenario" description="Runs Cucumber Scenarios" data-provider="scenarios" finished-at="2024-05-30T20:42:09 COT" duration-ms="1670" status="PASS">
          <params>
            <param index="0">
              <value>
                <![CDATA["Order the products by name descending"]]>
              </value>
            </param>
            <param index="1">
              <value>
                <![CDATA["Test the functionalities in Product Page"]]>
              </value>
            </param>
          </params>
          <reporter-output>
          </reporter-output>
        </test-method> <!-- runScenario -->
        <test-method signature="runScenario(io.cucumber.testng.PickleWrapper,io.cucumber.testng.FeatureWrapper)[pri:0, instance:cucumber.TestNGRunner@3a52dba3]" started-at="2024-05-30T20:42:09 COT" name="runScenario" description="Runs Cucumber Scenarios" data-provider="scenarios" finished-at="2024-05-30T20:42:11 COT" duration-ms="1642" status="PASS">
          <params>
            <param index="0">
              <value>
                <![CDATA["Order the products by price ascending"]]>
              </value>
            </param>
            <param index="1">
              <value>
                <![CDATA["Test the functionalities in Product Page"]]>
              </value>
            </param>
          </params>
          <reporter-output>
          </reporter-output>
        </test-method> <!-- runScenario -->
        <test-method signature="runScenario(io.cucumber.testng.PickleWrapper,io.cucumber.testng.FeatureWrapper)[pri:0, instance:cucumber.TestNGRunner@3a52dba3]" started-at="2024-05-30T20:42:11 COT" name="runScenario" description="Runs Cucumber Scenarios" data-provider="scenarios" finished-at="2024-05-30T20:42:12 COT" duration-ms="1726" status="PASS">
          <params>
            <param index="0">
              <value>
                <![CDATA["Order the products by price ascending"]]>
              </value>
            </param>
            <param index="1">
              <value>
                <![CDATA["Test the functionalities in Product Page"]]>
              </value>
            </param>
          </params>
          <reporter-output>
          </reporter-output>
        </test-method> <!-- runScenario -->
        <test-method signature="runScenario(io.cucumber.testng.PickleWrapper,io.cucumber.testng.FeatureWrapper)[pri:0, instance:cucumber.TestNGRunner@3a52dba3]" started-at="2024-05-30T20:42:12 COT" name="runScenario" description="Runs Cucumber Scenarios" data-provider="scenarios" finished-at="2024-05-30T20:42:14 COT" duration-ms="1836" status="PASS">
          <params>
            <param index="0">
              <value>
                <![CDATA["Add one product to the cart"]]>
              </value>
            </param>
            <param index="1">
              <value>
                <![CDATA["Test the functionalities in Product Page"]]>
              </value>
            </param>
          </params>
          <reporter-output>
          </reporter-output>
        </test-method> <!-- runScenario -->
        <test-method is-config="true" signature="tearDownClass()[pri:0, instance:cucumber.TestNGRunner@3a52dba3]" started-at="2024-05-30T20:42:14 COT" name="tearDownClass" finished-at="2024-05-30T20:42:14 COT" duration-ms="17" status="PASS">
          <reporter-output>
          </reporter-output>
        </test-method> <!-- tearDownClass -->
      </class> <!-- cucumber.TestNGRunner -->
    </test> <!-- Default test -->
  </suite> <!-- Default suite -->
</testng-results>
