<?xml version="1.0" encoding="UTF-8"?>
<!-- Generated by org.testng.reporters.JUnitReportReporter -->
<testsuite hostname="Camilo-ASUS" failures="1" tests="10" name="cucumber.TestNGRunner" time="21.375" errors="0" timestamp="2024-06-18T21:59:26 COT" skipped="0">
  <testcase classname="cucumber.TestNGRunner" name="runScenario" time="2.012"/>
  <testcase classname="cucumber.TestNGRunner" name="runScenario" time="2.150"/>
  <testcase classname="cucumber.TestNGRunner" name="runScenario" time="1.686"/>
  <testcase classname="cucumber.TestNGRunner" name="runScenario" time="1.838"/>
  <testcase classname="cucumber.TestNGRunner" name="runScenario" time="1.949"/>
  <testcase classname="cucumber.TestNGRunner" name="runScenario" time="3.406"/>
  <testcase classname="cucumber.TestNGRunner" name="runScenario" time="2.262"/>
  <testcase classname="cucumber.TestNGRunner" name="runScenario" time="2.069">
    <failure message="The product was not added to the cart successfully expected [Remove] but found [Add to cart]" type="java.lang.AssertionError">
      <![CDATA[java.lang.AssertionError: The product was not added to the cart successfully expected [Remove] but found [Add to cart]
at org.testng.Assert.fail(Assert.java:111)
at org.testng.Assert.failNotEquals(Assert.java:1578)
at org.testng.Assert.assertEqualsImpl(Assert.java:150)
at org.testng.Assert.assertEquals(Assert.java:132)
at org.testng.Assert.assertEquals(Assert.java:656)
at saucedemo.stepDefinitions.ProductSteps.validateProductIsAdded(ProductSteps.java:177)
at ✽.The product is added to the cart(file:///C:/Users/camil/eclipse-workspace/SauceDemoProject/src/test/java/cucumber/Products.feature:48)
]]>
    </failure>
  </testcase> <!-- runScenario -->
  <testcase classname="cucumber.TestNGRunner" name="runScenario" time="1.801"/>
  <testcase classname="cucumber.TestNGRunner" name="runScenario" time="2.202"/>
</testsuite> <!-- cucumber.TestNGRunner -->
